#
# There is insufficient memory for the Java Runtime Environment to continue.
# Native memory allocation (mmap) failed to map 266338304 bytes for G1 virtual space
# Possible reasons:
#   The system is out of physical RAM or swap space
#   The process is running with CompressedOops enabled, and the Java Heap may be blocking the growth of the native heap
# Possible solutions:
#   Reduce memory load on the system
#   Increase physical memory or swap space
#   Check if swap backing store is full
#   Decrease Java heap size (-Xmx/-Xms)
#   Decrease number of Java threads
#   Decrease Java thread stack sizes (-Xss)
#   Set larger code cache with -XX:ReservedCodeCacheSize=
#   JVM is running with Zero Based Compressed Oops mode in which the Java heap is
#     placed in the first 32GB address space. The Java Heap base address is the
#     maximum limit for the native heap growth. Please use -XX:HeapBaseMinAddress
#     to set the Java Heap base and to place the Java Heap above 32GB virtual address.
# This output file may be truncated or incomplete.
#
#  Out of Memory Error (os_windows.cpp:3530), pid=13640, tid=4568
#
# JRE version:  (18.0.1.1+2) (build )
# Java VM: Java HotSpot(TM) 64-Bit Server VM (18.0.1.1+2-6, mixed mode, sharing, tiered, compressed oops, compressed class ptrs, g1 gc, windows-amd64)
# No core dump will be written. Minidumps are not enabled by default on client versions of Windows
#

---------------  S U M M A R Y ------------

Command Line: io.qameta.allure.CommandLine generate allure-results --clean

Host: Intel(R) Core(TM) i7-9750H CPU @ 2.60GHz, 12 cores, 15G,  Windows 11 , 64 bit Build 22000 (10.0.22000.708)
Time: Sun Aug 21 20:32:33 2022 Hora oficial do Brasil elapsed time: 0.012748 seconds (0d 0h 0m 0s)

---------------  T H R E A D  ---------------

Current thread (0x000002953516bfd0):  JavaThread "Unknown thread" [_thread_in_vm, id=4568, stack(0x000000bb97f00000,0x000000bb98000000)]

Stack: [0x000000bb97f00000,0x000000bb98000000]
Native frames: (J=compiled Java code, j=interpreted, Vv=VM code, C=native code)
V  [jvm.dll+0x69887a]
V  [jvm.dll+0x7f38bd]
V  [jvm.dll+0x7f51ce]
V  [jvm.dll+0x7f5883]
V  [jvm.dll+0x25ca3f]
V  [jvm.dll+0x6957c9]
V  [jvm.dll+0x68a2fa]
V  [jvm.dll+0x321efb]
V  [jvm.dll+0x3298d6]
V  [jvm.dll+0x37e47e]
V  [jvm.dll+0x37e6af]
V  [jvm.dll+0x2f9c7a]
V  [jvm.dll+0x2facdd]
V  [jvm.dll+0x7c24f0]
V  [jvm.dll+0x38b801]
V  [jvm.dll+0x7a1203]
V  [jvm.dll+0x40d6bf]
V  [jvm.dll+0x40f091]
C  [jli.dll+0x526b]
C  [ucrtbase.dll+0x26c0c]
C  [KERNEL32.DLL+0x154e0]
C  [ntdll.dll+0x485b]


---------------  P R O C E S S  ---------------

Threads class SMR info:
_java_thread_list=0x00007ff99760d550, length=0, elements={
}

Java Threads: ( => current thread )

Other Threads:
  0x00000295351e0e10 WorkerThread "GC Thread#0" [stack: 0x000000bb98000000,0x000000bb98100000] [id=18848]
  0x00000295351f2ae0 ConcurrentGCThread "G1 Main Marker" [stack: 0x000000bb98100000,0x000000bb98200000] [id=19352]
  0x00000295351f4af0 WorkerThread "G1 Conc#0" [stack: 0x000000bb98200000,0x000000bb98300000] [id=10568]

[error occurred during error reporting (printing all threads), id 0xc0000005, EXCEPTION_ACCESS_VIOLATION (0xc0000005) at pc=0x00007ff996e3a217]

VM state: not at safepoint (not fully initialized)

VM Mutex/Monitor currently owned by a thread:  ([mutex/lock_event])
[0x000002953516a460] Heap_lock - owner thread: 0x000002953516bfd0

Heap address: 0x0000000702600000, size: 4058 MB, Compressed Oops mode: Zero based, Oop shift amount: 3

CDS archive(s) mapped at: [0x0000000000000000-0x0000000000000000-0x0000000000000000), size 0, SharedBaseAddress: 0x0000000800000000, ArchiveRelocationMode: 0.
Narrow klass base: 0x0000000000000000, Narrow klass shift: 0, Narrow klass range: 0x0

GC Precious Log:
 CardTable entry size: 512
 Card Set container configuration: InlinePtr #cards 4 size 8 Array Of Cards #cards 16 size 48 Howl #buckets 8 coarsen threshold 3686 Howl Bitmap #cards 512 size 80 coarsen threshold 460 Card regions per heap region 1 cards per card region 4096

Heap:
 garbage-first heap   total 0K, used 0K [0x0000000702600000, 0x0000000800000000)
  region size 2048K, 0 young (0K), 0 survivors (0K)

[error occurred during error reporting (printing heap information), id 0xc0000005, EXCEPTION_ACCESS_VIOLATION (0xc0000005) at pc=0x00007ff997220cb9]

GC Heap History (0 events):
No events

Deoptimization events (0 events):
No events

Classes loaded (0 events):
No events

Classes unloaded (0 events):
No events

Classes redefined (0 events):
No events

Internal exceptions (0 events):
No events

VM Operations (0 events):
No events

Events (1 events):
Event: 0.007 Loaded shared library C:\Program Files\Java\jdk-18.0.1.1\bin\java.dll


Dynamic libraries:
0x00007ff73d740000 - 0x00007ff73d750000 	C:\Program Files\Java\jdk-18.0.1.1\bin\java.exe
0x00007ff9e0b40000 - 0x00007ff9e0d49000 	C:\WINDOWS\SYSTEM32\ntdll.dll
0x00007ff9dfc70000 - 0x00007ff9dfd2d000 	C:\WINDOWS\System32\KERNEL32.DLL
0x00007ff9de460000 - 0x00007ff9de7dd000 	C:\WINDOWS\System32\KERNELBASE.dll
0x00007ff9de220000 - 0x00007ff9de331000 	C:\WINDOWS\System32\ucrtbase.dll
0x00007ff9d4840000 - 0x00007ff9d4858000 	C:\Program Files\Java\jdk-18.0.1.1\bin\jli.dll
0x00007ff9e0760000 - 0x00007ff9e080e000 	C:\WINDOWS\System32\ADVAPI32.dll
0x00007ff9e0810000 - 0x00007ff9e08b3000 	C:\WINDOWS\System32\msvcrt.dll
0x00007ff9d47e0000 - 0x00007ff9d47fa000 	C:\Program Files\Java\jdk-18.0.1.1\bin\VCRUNTIME140.dll
0x00007ff9de9d0000 - 0x00007ff9dea6e000 	C:\WINDOWS\System32\sechost.dll
0x00007ff9e08c0000 - 0x00007ff9e09e0000 	C:\WINDOWS\System32\RPCRT4.dll
0x00007ff9e02d0000 - 0x00007ff9e047d000 	C:\WINDOWS\System32\USER32.dll
0x00007ff9de130000 - 0x00007ff9de156000 	C:\WINDOWS\System32\win32u.dll
0x00007ff9deb80000 - 0x00007ff9deba9000 	C:\WINDOWS\System32\GDI32.dll
0x00007ff9de340000 - 0x00007ff9de458000 	C:\WINDOWS\System32\gdi32full.dll
0x00007ff9de090000 - 0x00007ff9de12d000 	C:\WINDOWS\System32\msvcp_win.dll
0x00007ff9c05c0000 - 0x00007ff9c0865000 	C:\WINDOWS\WinSxS\amd64_microsoft.windows.common-controls_6595b64144ccf1df_6.0.22000.120_none_9d947278b86cc467\COMCTL32.dll
0x00007ff9d4a50000 - 0x00007ff9d4a5a000 	C:\WINDOWS\SYSTEM32\VERSION.dll
0x00007ff9dfd60000 - 0x00007ff9dfd91000 	C:\WINDOWS\System32\IMM32.DLL
0x00007ff9d65c0000 - 0x00007ff9d65cc000 	C:\Program Files\Java\jdk-18.0.1.1\bin\vcruntime140_1.dll
0x00007ff9be7a0000 - 0x00007ff9be82d000 	C:\Program Files\Java\jdk-18.0.1.1\bin\msvcp140.dll
0x00007ff996b30000 - 0x00007ff997740000 	C:\Program Files\Java\jdk-18.0.1.1\bin\server\jvm.dll
0x00007ff9dfd30000 - 0x00007ff9dfd38000 	C:\WINDOWS\System32\PSAPI.DLL
0x00007ff9d5480000 - 0x00007ff9d54b3000 	C:\WINDOWS\SYSTEM32\WINMM.dll
0x00007ff9bd390000 - 0x00007ff9bd399000 	C:\WINDOWS\SYSTEM32\WSOCK32.dll
0x00007ff9df270000 - 0x00007ff9df2df000 	C:\WINDOWS\System32\WS2_32.dll
0x00007ff9dd210000 - 0x00007ff9dd228000 	C:\WINDOWS\SYSTEM32\kernel.appcore.dll
0x00007ff9d5700000 - 0x00007ff9d570a000 	C:\Program Files\Java\jdk-18.0.1.1\bin\jimage.dll
0x00007ff9dbc60000 - 0x00007ff9dbe81000 	C:\WINDOWS\SYSTEM32\DBGHELP.DLL
0x00007ff9bbc60000 - 0x00007ff9bbc91000 	C:\WINDOWS\SYSTEM32\dbgcore.DLL
0x00007ff9de7e0000 - 0x00007ff9de85f000 	C:\WINDOWS\System32\bcryptPrimitives.dll
0x00007ff9ce8c0000 - 0x00007ff9ce8e5000 	C:\Program Files\Java\jdk-18.0.1.1\bin\java.dll

dbghelp: loaded successfully - version: 4.0.5 - missing functions: none
symbol engine: initialized successfully - sym options: 0x614 - pdb path: .;C:\Program Files\Java\jdk-18.0.1.1\bin;C:\WINDOWS\SYSTEM32;C:\WINDOWS\WinSxS\amd64_microsoft.windows.common-controls_6595b64144ccf1df_6.0.22000.120_none_9d947278b86cc467;C:\Program Files\Java\jdk-18.0.1.1\bin\server

VM Arguments:
java_command: io.qameta.allure.CommandLine generate allure-results --clean
java_class_path (initial): E:\Particular\Studies\Ebac_Local\Modulo_16\testes-mobile-ebac-shop\node_modules\allure-commandline\dist\lib\allure-commandline-2.18.1.jar;E:\Particular\Studies\Ebac_Local\Modulo_16\testes-mobile-ebac-shop\node_modules\allure-commandline\dist\lib\allure-generator-2.18.1.jar;E:\Particular\Studies\Ebac_Local\Modulo_16\testes-mobile-ebac-shop\node_modules\allure-commandline\dist\lib\allure-model-2.18.0.jar;E:\Particular\Studies\Ebac_Local\Modulo_16\testes-mobile-ebac-shop\node_modules\allure-commandline\dist\lib\allure-plugin-api-2.18.1.jar;E:\Particular\Studies\Ebac_Local\Modulo_16\testes-mobile-ebac-shop\node_modules\allure-commandline\dist\lib\allure1-model-1.0.jar;E:\Particular\Studies\Ebac_Local\Modulo_16\testes-mobile-ebac-shop\node_modules\allure-commandline\dist\lib\annotations-15.0.jar;E:\Particular\Studies\Ebac_Local\Modulo_16\testes-mobile-ebac-shop\node_modules\allure-commandline\dist\lib\commons-beanutils-1.9.4.jar;E:\Particular\Studies\Ebac_Local\Modulo_16\testes-mobile-ebac-shop\node_modules\allure-commandline\dist\lib\commons-codec-1.11.jar;E:\Particular\Studies\Ebac_Local\Modulo_16\testes-mobile-ebac-shop\node_modules\allure-commandline\dist\lib\commons-collections-3.2.2.jar;E:\Particular\Studies\Ebac_Local\Modulo_16\testes-mobile-ebac-shop\node_modules\allure-commandline\dist\lib\commons-collections4-4.2.jar;E:\Particular\Studies\Ebac_Local\Modulo_16\testes-mobile-ebac-shop\node_modules\allure-commandline\dist\lib\commons-io-2.11.0.jar;E:\Particular\Studies\Ebac_Local\Modulo_16\testes-mobile-ebac-shop\node_modules\allure-commandline\dist\lib\commons-lang3-3.12.0.jar;E:\Particular\Studies\Ebac_Local\Modulo_16\testes-mobile-ebac-shop\node_modules\allure-commandline\dist\lib\commons-logging-1.2.jar;E:\Particular\Studies\Ebac_Local\Modulo_16\testes-mobile-ebac-shop\node_modules\allure-commandline\dist\lib\commons-text-1.3.jar;E:\Particular\Studies\Ebac_Local\Modulo_16\testes-mobile-ebac-shop\node_modules\allure-commandline\dist\lib\flexmark-0.62.2.jar;E:\Particular\Studies\Ebac_Local\Modulo_16\testes-mobile-ebac-shop\node_modules\allure-commandline\dist\lib\flexmark-ext-tables-0.62.2.jar;E:\Particular\Studies\Ebac_Local\Modulo_16\testes-mobile-ebac-shop\node_modules\allure-commandline\dist\lib\flexmark-util-0.62.2.jar;E:\Particular\Studies\Ebac_Local\Modulo_16\testes-mobile-ebac-shop\node_modules\allure-commandline\dist\lib\flexmark-util-ast-0.62.2.jar;E:\Particular\Studies\Ebac_Local\Modulo_16\testes-mobile-ebac-shop\node_modules\allure-commandline\dist\lib\flexmark-util-builder-0.62.2.jar;E:\Particular\Studies\Ebac_Local\Modulo_16\testes-mobile-ebac-shop\node_modules\allure-commandline\dist\lib\flexmark-util-collection-0.62.2.jar;E:\Particular\Studies\Ebac_Local\Modulo_16\testes-mobile-ebac-shop\node_modules\allure-commandline\dist\lib\flexmark-util-data-0.62.2.jar;E:\Particular\Studies\Ebac_Local\Modulo_16\testes-mobile-ebac-shop\node_modules\allure-commandline\dist\lib\flexmark-util-dependency-0.62.2.jar;E:\Particular\Studies\Ebac_Local\Modulo_16\testes-mobile-ebac-shop\node_modules\allure-commandline\dist\lib\flexmark-util-format-0.62.2.jar;E:\Particular\Studies\Ebac_Local\Modulo_16\testes-mobile-ebac-shop\node_modules\allure-commandline\dist\lib\flexmark-util-html-0.62.2.jar;E:\Particular\Studies\Ebac_Local\Modulo_16\testes-mobile-ebac-shop\node_modules\allure-commandline\dist\lib\flexmark-util-misc-0.62.2.jar;E:\Particular\Studies\Ebac_Local\Modulo_16\testes-mobile-ebac-shop\node_modules\allure-commandline\dist\lib\flexmark-util-options-0.62.2.jar;E:\Particular\Studies\Ebac_Local\Modulo_16\testes-mobile-ebac-shop\node_modules\allure-commandline\dist\lib\flexmark-util-sequence-0.62.2.jar;E:\Particular\Studies\Ebac_Local\Modulo_16\testes-mobile-ebac-shop\node_modules\allure-commandline\dist\lib\flexmark-util-visitor-0.62.2.jar;E:\Particular\Studies\Ebac_Local\Modulo_16\testes-mobile-ebac-shop\node_modules\allure-commandline\dist\lib\freemarker-2.3.31.jar;E:\Particular\Studies\Ebac_Local\Modulo_16\testes-mobile-ebac-shop\node_modules\allure-commandline\dist\lib\httpclient-4.5.13.jar;E:\Particular\Studies\Ebac_Local\Modulo_16\testes-mobile-ebac-shop\node_modules\allure-commandline\dist\lib\httpcore-4.4.13.jar;E:\Particular\Studies\Ebac_Local\Modulo_16\testes-mobile-ebac-shop\node_modules\allure-commandline\dist\lib\jackson-annotations-2.13.3.jar;E:\Particular\Studies\Ebac_Local\Modulo_16\testes-mobile-ebac-shop\node_modules\allure-commandline\dist\lib\jackson-core-2.13.3.jar;E:\Particular\Studies\Ebac_Local\Modulo_16\testes-mobile-ebac-shop\node_modules\allure-commandline\dist\lib\jackson-databind-2.13.3.jar;E:\Particular\Studies\Ebac_Local\Modulo_16\testes-mobile-ebac-shop\node_modules\allure-commandline\dist\lib\jackson-dataformat-xml-2.13.3.jar;E:\Particular\Studies\Ebac_Local\Modulo_16\testes-mobile-ebac-shop\node_modules\allure-commandline\dist\lib\jackson-dataformat-yaml-2.13.3.jar;E:\Particular\Studies\Ebac_Local\Modulo_16\testes-mobile-ebac-shop\node_modules\allure-commandline\dist\lib\jackson-module-jaxb-annotations-2.13.3.jar;E:\Particular\Studies\Ebac_Local\Modulo_16\testes-mobile-ebac-shop\node_modules\allure-commandline\dist\lib\jakarta.activation-api-1.2.2.jar;E:\Particular\Studies\Ebac_Local\Modulo_16\testes-mobile-ebac-shop\node_modules\allure-commandline\dist\lib\jakarta.xml.bind-api-2.3.3.jar;E:\Particular\Studies\Ebac_Local\Modulo_16\testes-mobile-ebac-shop\node_modules\allure-commandline\dist\lib\javax.activation-api-1.2.0.jar;E:\Particular\Studies\Ebac_Local\Modulo_16\testes-mobile-ebac-shop\node_modules\allure-commandline\dist\lib\javax.servlet-api-3.1.0.jar;E:\Particular\Studies\Ebac_Local\Modulo_16\testes-mobile-ebac-shop\node_modules\allure-commandline\dist\lib\jaxb-api-2.3.1.jar;E:\Particular\Studies\Ebac_Local\Modulo_16\testes-mobile-ebac-shop\node_modules\allure-commandline\dist\lib\jaxb-utils-1.0.jar;E:\Particular\Studies\Ebac_Local\Modulo_16\testes-mobile-ebac-shop\node_modules\allure-commandline\dist\lib\jcommander-1.82.jar;E:\Particular\Studies\Ebac_Local\Modulo_16\testes-mobile-ebac-shop\node_modules\allure-commandline\dist\lib\jetty-http-9.4.43.v20210629.jar;E:\Particular\Studies\Ebac_Local\Modulo_16\testes-mobile-ebac-shop\node_modules\allure-commandline\dist\lib\jetty-io-9.4.43.v20210629.jar;E:\Particular\Studies\Ebac_Local\Modulo_16\testes-mobile-ebac-shop\node_modules\allure-commandline\dist\lib\jetty-server-9.4.43.v20210629.jar;E:\Particular\Studies\Ebac_Local\Modulo_16\testes-mobile-ebac-shop\node_modules\allure-commandline\dist\lib\jetty-util-9.4.43.v20210629.jar;E:\Particular\Studies\Ebac_Local\Modulo_16\testes-mobile-ebac-shop\node_modules\allure-commandline\dist\lib\logback-classic-1.2.11.jar;E:\Particular\Studies\Ebac_Local\Modulo_16\testes-mobile-ebac-shop\node_modules\allure-commandline\dist\lib\logback-core-1.2.11.jar;E:\Particular\Studies\Ebac_Local\Modulo_16\testes-mobile-ebac-shop\node_modules\allure-commandline\dist\lib\opencsv-4.6.jar;E:\Particular\Studies\Ebac_Local\Modulo_16\testes-mobile-ebac-shop\node_modules\allure-commandline\dist\lib\properties-2.0.RC5.jar;E:\Particular\Studies\Ebac_Local\Modulo_16\testes-mobile-ebac-shop\node_modules\allure-commandline\dist\lib\slf4j-api-1.7.32.jar;E:\Particular\Studies\Ebac_Local\Modulo_16\testes-mobile-ebac-shop\node_modules\allure-commandline\dist\lib\snakeyaml-1.30.jar;E:\Particular\Studies\Ebac_Local\Modulo_16\testes-mobile-ebac-shop\node_modules\allure-commandline\dist\lib\stax2-api-4.2.1.jar;E:\Particular\Studies\Ebac_Local\Modulo_16\testes-mobile-ebac-shop\node_modules\allure-commandline\dist\lib\tika-core-2.4.0.jar;E:\Particular\Studies\Ebac_Local\Modulo_16\testes-mobile-ebac-shop\node_modules\allure-commandline\dist\lib\woodstox-core-6.2.7.jar;E:\Particular\Studies\Ebac_Local\Modulo_16\testes-mobile-ebac-shop\node_modules\allure-commandline\dist\lib\config
Launcher Type: SUN_STANDARD

[Global flags]
     intx CICompilerCount                          = 4                                         {product} {ergonomic}
     uint ConcGCThreads                            = 3                                         {product} {ergonomic}
     uint G1ConcRefinementThreads                  = 10                                        {product} {ergonomic}
   size_t G1HeapRegionSize                         = 2097152                                   {product} {ergonomic}
    uintx GCDrainStackTargetSize                   = 64                                        {product} {ergonomic}
   size_t InitialHeapSize                          = 266338304                                 {product} {ergonomic}
   size_t MarkStackSize                            = 4194304                                   {product} {ergonomic}
   size_t MaxHeapSize                              = 4255121408                                {product} {ergonomic}
   size_t MinHeapDeltaBytes                        = 2097152                                   {product} {ergonomic}
   size_t MinHeapSize                              = 8388608                                   {product} {ergonomic}
    uintx NonNMethodCodeHeapSize                   = 5839372                                {pd product} {ergonomic}
    uintx NonProfiledCodeHeapSize                  = 122909434                              {pd product} {ergonomic}
    uintx ProfiledCodeHeapSize                     = 122909434                              {pd product} {ergonomic}
    uintx ReservedCodeCacheSize                    = 251658240                              {pd product} {ergonomic}
     bool SegmentedCodeCache                       = true                                      {product} {ergonomic}
   size_t SoftMaxHeapSize                          = 4255121408                             {manageable} {ergonomic}
     bool UseCompressedClassPointers               = true                           {product lp64_product} {ergonomic}
     bool UseCompressedOops                        = true                           {product lp64_product} {ergonomic}
     bool UseG1GC                                  = true                                      {product} {ergonomic}
     bool UseLargePagesIndividualAllocation        = false                                  {pd product} {ergonomic}

Logging:
Log output configuration:
 #0: stdout all=warning uptime,level,tags foldmultilines=false
 #1: stderr all=off uptime,level,tags foldmultilines=false

Environment Variables:
JAVA_HOME=C:\Program Files\Java\jdk-18.0.1.1
CLASSPATH=E:\Particular\Studies\Ebac_Local\Modulo_16\testes-mobile-ebac-shop\node_modules\allure-commandline\dist\lib\*;E:\Particular\Studies\Ebac_Local\Modulo_16\testes-mobile-ebac-shop\node_modules\allure-commandline\dist\lib\config
PATH=E:\Particular\Studies\Ebac_Local\Modulo_16\testes-mobile-ebac-shop\node_modules\.bin;E:\Particular\Studies\Ebac_Local\Modulo_16\testes-mobile-ebac-shop\node_modules\.bin;E:\Particular\Studies\Ebac_Local\Modulo_16\node_modules\.bin;E:\Particular\Studies\Ebac_Local\node_modules\.bin;E:\Particular\Studies\node_modules\.bin;E:\Particular\node_modules\.bin;E:\node_modules\.bin;C:\Program Files\nodejs\node_modules\npm\node_modules\@npmcli\run-script\lib\node-gyp-bin;C:\Program Files\Common Files\Oracle\Java\javapath;E:\Programs\VMWare\bin\;C:\Python310\Scripts\;C:\Python310\;C:\Program Files (x86)\Common Files\Oracle\Java\javapath;C:\Windows\system32;C:\Windows;C:\Windows\System32\Wbem;C:\Windows\System32\WindowsPowerShell\v1.0\;C:\Windows\System32\OpenSSH\;C:\Program Files\NVIDIA Corporation\NVIDIA NvDLISR;C:\Program Files (x86)\NVIDIA Corporation\PhysX\Common;C:\WINDOWS\system32;C:\WINDOWS;C:\WINDOWS\System32\Wbem;C:\WINDOWS\System32\WindowsPowerShell\v1.0\;C:\WINDOWS\System32\OpenSSH\;C:\Program Files\dotnet\;C:\Program Files\Java\apache-maven-3.8.4\bin;C:\Program Files\nodejs\;C:\ProgramData\chocolatey\bin;C:\Users\lgm97\AppData\Local\Android\Sdk\tools\bin;C:\Program Files\Java\jdk-18.0.1.1\bin;C:\Users\lgm97\AppData\Local\Android\Sdk\emulator;C:\Users\lgm97\AppData\Local\Android\Sdk\platform-tools;C:\Program Files (x86)\dotnet\;C:\Program Files\Git\cmd;C:\Users\lgm97\AppData\Local\Microsoft\WindowsApps;;C:\Users\lgm97\AppData\Local\Programs\Microsoft VS Code\bin;C:\Users\lgm97\.dotnet\tools;C:\Users\lgm97\AppData\Roaming\npm
USERNAME=lgm97
LANG=pt_BR.UTF-8
OS=Windows_NT
PROCESSOR_IDENTIFIER=Intel64 Family 6 Model 158 Stepping 10, GenuineIntel



---------------  S Y S T E M  ---------------

OS:
 Windows 11 , 64 bit Build 22000 (10.0.22000.708)
OS uptime: 0 days 1:27 hours

CPU: total 12 (initial active 12) (6 cores per cpu, 2 threads per core) family 6 model 158 stepping 10 microcode 0xde, cx8, cmov, fxsr, ht, mmx, 3dnowpref, sse, sse2, sse3, ssse3, sse4.1, sse4.2, popcnt, lzcnt, tsc, tscinvbit, avx, avx2, aes, erms, clmul, bmi1, bmi2, adx, fma, vzeroupper, clflush, clflushopt

Memory: 4k page, system-wide physical 16230M (4616M free)
TotalPageFile size 16230M (AvailPageFile size 144M)
current process WorkingSet (physical memory assigned to process): 10M, peak: 10M
current process commit charge ("private bytes"): 64M, peak: 318M

vm_info: Java HotSpot(TM) 64-Bit Server VM (18.0.1.1+2-6) for windows-amd64 JRE (18.0.1.1+2-6), built on Apr 25 2022 21:53:15 by "mach5one" with MS VC++ 16.8 / 16.9 (VS2019)

END.
